***  Installation Started 12/06/2005 10:20  ***
Title:  Installation
Source: C:\Thesycon\usbio_vl.exe | 12-06-2005 | 10:06:58 | 2764547
Made Dir: C:\Thesycon\USBIO_VL
Made Dir: C:\Thesycon\USBIO_VL\V2.31
Made Dir: C:\Thesycon\USBIO_VL\V2.31\_uninst
Made Dir: C:\Thesycon\USBIO_VL\V2.31\_uninst\vl
File Copy: C:\Thesycon\USBIO_VL\V2.31\_uninst\vl\UNWISE.EXE | 09-28-2001 | 17:00:28 | | 164864 | acd7a536
RegDB Key: Software\Microsoft\Windows\CurrentVersion\Uninstall\USBIO Development Kit V2.31 (VL)
RegDB Val: USBIO Development Kit V2.31 (VL)
RegDB Name: DisplayName
RegDB Root: 2
RegDB Key: Software\Microsoft\Windows\CurrentVersion\Uninstall\USBIO Development Kit V2.31 (VL)
RegDB Val: "C:\Thesycon\USBIO_VL\V2.31\_uninst\vl\uninst.exe" Software\Microsoft\Windows\CurrentVersion\Uninstall\USBIO Development Kit V2.31 (VL)
RegDB Name: UninstallString
RegDB Root: 2
RegDB Key: Software\Microsoft\Windows\CurrentVersion\Uninstall\USBIO Development Kit V2.31 (VL)
RegDB Val: C:\Thesycon\USBIO_VL\V2.31
RegDB Name: INSTALL_PATH
RegDB Root: 2
RegDB Key: Software\Microsoft\Windows\CurrentVersion\Uninstall\USBIO Development Kit V2.31 (VL)
RegDB Val: USBIO Development Kit V2.31 (VL)
RegDB Name: APP_TITLE
RegDB Root: 2
RegDB Key: Software\Microsoft\Windows\CurrentVersion\Uninstall\USBIO Development Kit V2.31 (VL)
RegDB Val: FULL
RegDB Name: APP_TYPE
RegDB Root: 2
RegDB Key: Software\Microsoft\Windows\CurrentVersion\Uninstall\USBIO Development Kit V2.31 (VL)
RegDB Val: "C:\Thesycon\USBIO_VL\V2.31\_uninst\vl\UNWISE.EXE"
RegDB Name: UNWISE_CMD
RegDB Root: 2
RegDB Key: Software\Microsoft\Windows\CurrentVersion\Uninstall\USBIO Development Kit V2.31 (VL)
RegDB Val: /A "C:\Thesycon\USBIO_VL\V2.31\_uninst\vl\INSTALL.LOG" USBIO Development Kit Uninstall
RegDB Name: UNWISE_CMDLINE
RegDB Root: 2
File Copy: C:\Thesycon\USBIO_VL\V2.31\_uninst\vl\uninst.exe | 12-06-2005 | 09:45:38 | 2.0.0.0 | 126472 | 523aed0e
File Copy: C:\Thesycon\USBIO_VL\V2.31\_uninst\vl\usbioins.ico | 09-19-2001 | 09:23:08 | | 766 | 451932ff
File Copy: C:\Thesycon\USBIO_VL\V2.31\version.txt | 11-30-2005 | 11:18:16 | | 39 | 9108722f
Made Dir: C:\Thesycon\USBIO_VL\V2.31\doc
File Copy: C:\Thesycon\USBIO_VL\V2.31\doc\ReadMe.txt | 11-30-2005 | 11:21:10 | | 12368 | a11dd19c
File Copy: C:\Thesycon\USBIO_VL\V2.31\doc\License.pdf | 09-12-2005 | 14:25:28 | | 83543 | b04656b5
File Copy: C:\Thesycon\USBIO_VL\V2.31\doc\Lizenz.pdf | 09-12-2005 | 14:22:04 | | 86773 | 35c0a917
File Copy: C:\Thesycon\USBIO_VL\V2.31\doc\License.txt | 09-12-2005 | 14:24:42 | | 3341 | 122d4041
File Copy: C:\Thesycon\USBIO_VL\V2.31\doc\Lizenz.txt | 09-12-2005 | 14:22:44 | | 3956 | b9dfc108
Made Dir: C:\Thesycon\USBIO_VL\V2.31\source
Made Dir: C:\Thesycon\USBIO_VL\V2.31\source\inc
File Copy: C:\Thesycon\USBIO_VL\V2.31\source\inc\usbiover.h | 11-30-2005 | 11:18:16 | | 927 | b5b2f8e1
File Copy: C:\Thesycon\USBIO_VL\V2.31\source\inc\usbioerr.h | 11-30-2005 | 11:21:10 | | 7166 | c147c714
File Copy: C:\Thesycon\USBIO_VL\V2.31\source\inc\usbio_i.h | 11-30-2005 | 11:21:10 | | 18011 | fcf423ac
File Copy: C:\Thesycon\USBIO_VL\V2.31\source\inc\usbspec.h | 03-17-2003 | 16:13:02 | | 6311 | cfea4c18
File Copy: C:\Thesycon\USBIO_VL\V2.31\doc\usbio_e.pdf | 11-08-2005 | 14:52:36 | | 249381 | 7e896bf0
File Copy: C:\Thesycon\USBIO_VL\V2.31\doc\Problems.txt | 08-25-2005 | 14:07:10 | | 19753 | f71c6e4c
File Copy: C:\Thesycon\USBIO_VL\V2.31\doc\History.txt | 11-30-2005 | 11:18:14 | | 9308 | 249de73d
File Copy: C:\Thesycon\USBIO_VL\V2.31\doc\usbioman.pdf | 11-30-2005 | 11:21:26 | | 1404537 | 6d850bb9
File Copy: C:\Thesycon\USBIO_VL\V2.31\doc\usbiocom.pdf | 11-30-2005 | 11:21:34 | | 606395 | 3ae6858a
Made Dir: C:\Thesycon\USBIO_VL\V2.31\tools
File Copy: C:\Thesycon\USBIO_VL\V2.31\tools\UpdateChecksum.exe | 08-16-2004 | 17:29:28 | | 57344 | db6504b4
Made Dir: C:\Thesycon\USBIO_VL\V2.31\source\USBIOLIB
File Copy: C:\Thesycon\USBIO_VL\V2.31\source\USBIOLIB\USBIOLIB.dsp | 11-30-2005 | 11:21:10 | | 3940 | b407bf8d
File Copy: C:\Thesycon\USBIO_VL\V2.31\source\USBIOLIB\PnPNotificator.h | 11-30-2005 | 11:21:10 | | 5490 | 5d343494
File Copy: C:\Thesycon\USBIO_VL\V2.31\source\USBIOLIB\SetupApiDll.h | 11-30-2005 | 11:21:10 | | 2928 | 9880372a
File Copy: C:\Thesycon\USBIO_VL\V2.31\source\USBIOLIB\UsbIo.h | 11-30-2005 | 11:21:10 | | 9931 | 7245a4c6
File Copy: C:\Thesycon\USBIO_VL\V2.31\source\USBIOLIB\UsbIoBuf.h | 11-30-2005 | 11:21:10 | | 3763 | fda0019e
File Copy: C:\Thesycon\USBIO_VL\V2.31\source\USBIOLIB\UsbIoPipe.h | 11-30-2005 | 11:21:10 | | 4051 | b3dc8abf
File Copy: C:\Thesycon\USBIO_VL\V2.31\source\USBIOLIB\UsbIoReader.h | 11-30-2005 | 11:21:10 | | 1172 | c1cfadd3
File Copy: C:\Thesycon\USBIO_VL\V2.31\source\USBIOLIB\UsbIoThread.h | 11-30-2005 | 11:21:10 | | 3534 | 801f1bb4
File Copy: C:\Thesycon\USBIO_VL\V2.31\source\USBIOLIB\UsbIoWriter.h | 11-30-2005 | 11:21:10 | | 1172 | b6eb21ef
File Copy: C:\Thesycon\USBIO_VL\V2.31\source\USBIOLIB\PnPNotificator.cpp | 08-12-2004 | 09:08:12 | | 14615 | 7f871bef
File Copy: C:\Thesycon\USBIO_VL\V2.31\source\USBIOLIB\SetupApiDll.cpp | 09-16-2002 | 21:14:28 | | 2521 | aca9ea4a
File Copy: C:\Thesycon\USBIO_VL\V2.31\source\USBIOLIB\UsbIo.cpp | 08-25-2005 | 09:12:42 | | 30748 | 4e4ec647
File Copy: C:\Thesycon\USBIO_VL\V2.31\source\USBIOLIB\UsbIoBuf.cpp | 07-07-2005 | 10:40:34 | | 5054 | 3d17d297
File Copy: C:\Thesycon\USBIO_VL\V2.31\source\USBIOLIB\UsbIoPipe.cpp | 08-08-2003 | 16:00:14 | | 10278 | e95194fc
File Copy: C:\Thesycon\USBIO_VL\V2.31\source\USBIOLIB\UsbIoReader.cpp | 10-26-2000 | 09:55:46 | | 2949 | e7005a22
File Copy: C:\Thesycon\USBIO_VL\V2.31\source\USBIOLIB\UsbIoThread.cpp | 08-13-2004 | 14:42:26 | | 3862 | bfc5a78e
File Copy: C:\Thesycon\USBIO_VL\V2.31\source\USBIOLIB\UsbIoWriter.cpp | 09-16-2002 | 10:32:20 | | 2892 | 86541169
File Copy: C:\Thesycon\USBIO_VL\V2.31\source\USBIOAPP.dsw | 01-26-1999 | 13:03:06 | | 833 | 70118471
Made Dir: C:\Thesycon\USBIO_VL\V2.31\source\USBIOAPP
File Copy: C:\Thesycon\USBIO_VL\V2.31\source\USBIOAPP\USBIOAPP.dsp | 11-30-2005 | 11:21:10 | | 7675 | 99576ac5
File Copy: C:\Thesycon\USBIO_VL\V2.31\source\USBIOAPP\DDX_ex.cpp | 10-26-2000 | 10:00:14 | | 3543 | a79d6569
File Copy: C:\Thesycon\USBIO_VL\V2.31\source\USBIOAPP\DialogPage.cpp | 10-26-2000 | 10:00:30 | | 1221 | 9cf73de
File Copy: C:\Thesycon\USBIO_VL\V2.31\source\USBIOAPP\DialogPageCtrl.cpp | 10-26-2000 | 10:00:46 | | 2826 | 3b20a3f
File Copy: C:\Thesycon\USBIO_VL\V2.31\source\USBIOAPP\DlgPgConfig.cpp | 03-04-2003 | 15:25:44 | | 10045 | 812e060
File Copy: C:\Thesycon\USBIO_VL\V2.31\source\USBIOAPP\DlgPgDesc.cpp | 03-03-2003 | 14:51:14 | | 9171 | 8f1e8bc6
File Copy: C:\Thesycon\USBIO_VL\V2.31\source\USBIOAPP\DlgPgDevice.cpp | 08-23-2005 | 14:29:22 | | 11849 | 2fe01748
File Copy: C:\Thesycon\USBIO_VL\V2.31\source\USBIOAPP\DlgPgDevreq.cpp | 03-04-2003 | 15:26:42 | | 7291 | d3a51926
File Copy: C:\Thesycon\USBIO_VL\V2.31\source\USBIOAPP\DlgPgFeature.cpp | 03-03-2003 | 14:51:14 | | 4220 | 106ff636
File Copy: C:\Thesycon\USBIO_VL\V2.31\source\USBIOAPP\DlgPgInterface.cpp | 03-04-2003 | 15:26:42 | | 4380 | 1aeff888
File Copy: C:\Thesycon\USBIO_VL\V2.31\source\USBIOAPP\DlgPgOther.cpp | 03-04-2003 | 15:26:42 | | 6350 | 983cc6b1
File Copy: C:\Thesycon\USBIO_VL\V2.31\source\USBIOAPP\DlgPgPipes.cpp | 03-04-2003 | 15:26:42 | | 7417 | 5d16ecee
File Copy: C:\Thesycon\USBIO_VL\V2.31\source\USBIOAPP\dump.cpp | 10-08-2002 | 17:06:06 | | 21271 | 80b7c114
File Copy: C:\Thesycon\USBIO_VL\V2.31\source\USBIOAPP\EnumBox.cpp | 10-26-2000 | 10:01:52 | | 1428 | 47c1637a
File Copy: C:\Thesycon\USBIO_VL\V2.31\source\USBIOAPP\global.cpp | 10-09-2002 | 10:08:18 | | 4173 | 7d055fe1
File Copy: C:\Thesycon\USBIO_VL\V2.31\source\USBIOAPP\hlstatic.cpp | 12-22-2000 | 13:55:54 | | 13094 | e190d53b
File Copy: C:\Thesycon\USBIO_VL\V2.31\source\USBIOAPP\OutputWindow.cpp | 10-11-2002 | 13:59:08 | | 9085 | ea15378a
File Copy: C:\Thesycon\USBIO_VL\V2.31\source\USBIOAPP\PDlgPgBuffer.cpp | 03-04-2003 | 15:26:42 | | 3315 | edfdb57
File Copy: C:\Thesycon\USBIO_VL\V2.31\source\USBIOAPP\PDlgPgFromFile.cpp | 03-04-2003 | 15:26:42 | | 5190 | 9f82405b
File Copy: C:\Thesycon\USBIO_VL\V2.31\source\USBIOAPP\PDlgPgPipeControl.cpp | 03-04-2003 | 15:26:42 | | 5866 | ea61338d
File Copy: C:\Thesycon\USBIO_VL\V2.31\source\USBIOAPP\PDlgPgPipeParams.cpp | 03-04-2003 | 15:26:42 | | 4279 | 29cd91a
File Copy: C:\Thesycon\USBIO_VL\V2.31\source\USBIOAPP\PDlgPgToFile.cpp | 03-04-2003 | 15:26:42 | | 4116 | 5691f92a
File Copy: C:\Thesycon\USBIO_VL\V2.31\source\USBIOAPP\PDlgPgToWin.cpp | 03-04-2003 | 15:26:42 | | 3232 | 5ce25322
File Copy: C:\Thesycon\USBIO_VL\V2.31\source\USBIOAPP\PipeDialog.cpp | 03-04-2003 | 15:26:42 | | 12130 | 2599ef2e
File Copy: C:\Thesycon\USBIO_VL\V2.31\source\USBIOAPP\PipeDlgFromFile.cpp | 10-10-2002 | 12:13:20 | | 7440 | f5c973f5
File Copy: C:\Thesycon\USBIO_VL\V2.31\source\USBIOAPP\PipeDlgToFile.cpp | 10-10-2002 | 12:13:20 | | 7004 | b9c878b7
File Copy: C:\Thesycon\USBIO_VL\V2.31\source\USBIOAPP\PipeDlgToWin.cpp | 08-31-2005 | 08:43:28 | | 5761 | 73df7636
File Copy: C:\Thesycon\USBIO_VL\V2.31\source\USBIOAPP\StdAfx.cpp | 10-10-1998 | 16:33:12 | | 206 | d331150e
File Copy: C:\Thesycon\USBIO_VL\V2.31\source\USBIOAPP\USBIOAPP.cpp | 03-04-2003 | 15:19:40 | | 3017 | 6baba510
File Copy: C:\Thesycon\USBIO_VL\V2.31\source\USBIOAPP\USBIOAPPDlg.cpp | 03-04-2003 | 15:26:42 | | 16290 | 254535b0
File Copy: C:\Thesycon\USBIO_VL\V2.31\source\USBIOAPP\DDX_ex.h | 10-26-2000 | 10:00:28 | | 574 | 688e9ee4
File Copy: C:\Thesycon\USBIO_VL\V2.31\source\USBIOAPP\DialogPage.h | 10-26-2000 | 10:00:38 | | 1189 | 4463bdaf
File Copy: C:\Thesycon\USBIO_VL\V2.31\source\USBIOAPP\DialogPageCtrl.h | 10-26-2000 | 10:00:46 | | 1754 | 8d873503
File Copy: C:\Thesycon\USBIO_VL\V2.31\source\USBIOAPP\DlgPgConfig.h | 03-03-2003 | 14:51:14 | | 2125 | 83be12c2
File Copy: C:\Thesycon\USBIO_VL\V2.31\source\USBIOAPP\DlgPgDesc.h | 03-03-2003 | 14:51:14 | | 2066 | 5e0b8f22
File Copy: C:\Thesycon\USBIO_VL\V2.31\source\USBIOAPP\DlgPgDevice.h | 09-03-2004 | 08:25:12 | | 2095 | c4c820f7
File Copy: C:\Thesycon\USBIO_VL\V2.31\source\USBIOAPP\DlgPgDevreq.h | 03-03-2003 | 14:51:14 | | 2063 | 948f420b
File Copy: C:\Thesycon\USBIO_VL\V2.31\source\USBIOAPP\DlgPgFeature.h | 03-03-2003 | 14:51:14 | | 1614 | 862a6f5d
File Copy: C:\Thesycon\USBIO_VL\V2.31\source\USBIOAPP\DlgPgInterface.h | 03-03-2003 | 14:51:14 | | 1701 | a8a6e477
File Copy: C:\Thesycon\USBIO_VL\V2.31\source\USBIOAPP\DlgPgOther.h | 03-04-2003 | 10:37:16 | | 1889 | 4e81cbe3
File Copy: C:\Thesycon\USBIO_VL\V2.31\source\USBIOAPP\DlgPgPipes.h | 03-03-2003 | 14:51:16 | | 2081 | 11576e20
File Copy: C:\Thesycon\USBIO_VL\V2.31\source\USBIOAPP\dump.h | 10-08-2002 | 17:06:06 | | 860 | 7c3102c8
File Copy: C:\Thesycon\USBIO_VL\V2.31\source\USBIOAPP\EnumBox.h | 10-26-2000 | 10:01:54 | | 1393 | 7b89cdf1
File Copy: C:\Thesycon\USBIO_VL\V2.31\source\USBIOAPP\global.h | 10-11-2002 | 08:05:20 | | 2575 | 112d5a7d
File Copy: C:\Thesycon\USBIO_VL\V2.31\source\USBIOAPP\hlstatic.h | 12-22-2000 | 13:55:58 | | 2824 | 704f83ce
File Copy: C:\Thesycon\USBIO_VL\V2.31\source\USBIOAPP\OutputWindow.h | 10-11-2002 | 13:54:50 | | 3839 | 175e559d
File Copy: C:\Thesycon\USBIO_VL\V2.31\source\USBIOAPP\PDlgPgBuffer.h | 03-03-2003 | 14:51:16 | | 1629 | 3c5a756d
File Copy: C:\Thesycon\USBIO_VL\V2.31\source\USBIOAPP\PDlgPgFromFile.h | 03-03-2003 | 14:51:16 | | 1881 | 205b96d8
File Copy: C:\Thesycon\USBIO_VL\V2.31\source\USBIOAPP\PDlgPgPipeControl.h | 03-03-2003 | 14:51:16 | | 1917 | f860a50a
File Copy: C:\Thesycon\USBIO_VL\V2.31\source\USBIOAPP\PDlgPgPipeParams.h | 03-03-2003 | 14:51:16 | | 1831 | 1cacaf41
File Copy: C:\Thesycon\USBIO_VL\V2.31\source\USBIOAPP\PDlgPgToFile.h | 03-03-2003 | 14:51:16 | | 1821 | 55e38129
File Copy: C:\Thesycon\USBIO_VL\V2.31\source\USBIOAPP\PDlgPgToWin.h | 03-03-2003 | 14:51:16 | | 1748 | 19ac34da
File Copy: C:\Thesycon\USBIO_VL\V2.31\source\USBIOAPP\PipeDialog.h | 03-03-2003 | 14:51:16 | | 3755 | 8d814ff5
File Copy: C:\Thesycon\USBIO_VL\V2.31\source\USBIOAPP\PipeDlgFromFile.h | 10-26-2000 | 10:02:40 | | 1512 | a1b48f0c
File Copy: C:\Thesycon\USBIO_VL\V2.31\source\USBIOAPP\PipeDlgToFile.h | 10-26-2000 | 10:02:44 | | 1443 | 50e33e11
File Copy: C:\Thesycon\USBIO_VL\V2.31\source\USBIOAPP\PipeDlgToWin.h | 10-04-2002 | 16:25:24 | | 1493 | cd7a1147
File Copy: C:\Thesycon\USBIO_VL\V2.31\source\USBIOAPP\resource.h | 09-03-2004 | 08:37:46 | | 12913 | 4644d1a3
File Copy: C:\Thesycon\USBIO_VL\V2.31\source\USBIOAPP\StdAfx.h | 10-29-2000 | 10:37:06 | | 1366 | d010701e
File Copy: C:\Thesycon\USBIO_VL\V2.31\source\USBIOAPP\USBIOAPP.h | 10-11-2002 | 13:38:54 | | 2347 | e74104f1
File Copy: C:\Thesycon\USBIO_VL\V2.31\source\USBIOAPP\USBIOAPPDlg.h | 03-03-2003 | 14:51:14 | | 2883 | 319f9069
File Copy: C:\Thesycon\USBIO_VL\V2.31\source\USBIOAPP\VERSION.H | 11-29-2002 | 14:53:38 | | 1700 | 8efedf15
File Copy: C:\Thesycon\USBIO_VL\V2.31\source\USBIOAPP\USBIOAPP.rc | 09-03-2004 | 09:27:22 | | 36687 | 587a314e
File Copy: C:\Thesycon\USBIO_VL\V2.31\source\USBIOAPP\USBIOAPP.clw | 09-03-2004 | 10:53:02 | | 15349 | 66c7fcdf
Made Dir: C:\Thesycon\USBIO_VL\V2.31\source\USBIOAPP\res
File Copy: C:\Thesycon\USBIO_VL\V2.31\source\USBIOAPP\res\Th_USB.ico | 09-18-2001 | 15:14:36 | | 1078 | 402c992f
File Copy: C:\Thesycon\USBIO_VL\V2.31\source\USBIOAPP\res\USBIOAPP.rc2 | 05-03-2001 | 22:04:52 | | 443 | 8b504aec
File Copy: C:\Thesycon\USBIO_VL\V2.31\source\USBIOAPP\res\ver.rc | 05-31-2002 | 12:35:12 | | 3472 | c7c32cab
File Copy: C:\Thesycon\USBIO_VL\V2.31\source\USBIOAPP\ReadMe.txt | 10-10-1998 | 16:33:12 | | 3387 | ed6bac71
Made Dir: C:\Thesycon\USBIO_VL\V2.31\source\samples
Made Dir: C:\Thesycon\USBIO_VL\V2.31\source\samples\ReadPipe
File Copy: C:\Thesycon\USBIO_VL\V2.31\source\samples\ReadPipe\ReadPipe.c | 09-14-2004 | 07:34:14 | | 13818 | 33bce09a
File Copy: C:\Thesycon\USBIO_VL\V2.31\source\samples\ReadPipe\ReadPipe.dsp | 11-30-2005 | 11:21:10 | | 3334 | 5640c183
File Copy: C:\Thesycon\USBIO_VL\V2.31\source\samples\ReadPipe\ReadPipe.dsw | 11-19-1999 | 15:32:20 | | 539 | 543d2ec8
Made Dir: C:\Thesycon\USBIO_VL\V2.31\source\samples\PnPDemo
File Copy: C:\Thesycon\USBIO_VL\V2.31\source\samples\PnPDemo\PnPDemo.cpp | 08-24-2005 | 08:21:30 | | 6976 | ed87b260
File Copy: C:\Thesycon\USBIO_VL\V2.31\source\samples\PnPDemo\PnPHandler.cpp | 08-24-2005 | 08:21:36 | | 2807 | 2edd3a0e
File Copy: C:\Thesycon\USBIO_VL\V2.31\source\samples\PnPDemo\PnPHandler.h | 08-24-2005 | 08:21:40 | | 2151 | 67a26d85
File Copy: C:\Thesycon\USBIO_VL\V2.31\source\samples\PnPDemo\PnPDemo.dsp | 11-30-2005 | 11:21:10 | | 3834 | 3b5b9db1
File Copy: C:\Thesycon\USBIO_VL\V2.31\source\samples\PnPDemo\PnPDemo.dsw | 08-24-2005 | 08:13:18 | | 830 | 64e102a2
Made Dir: C:\Thesycon\USBIO_VL\V2.31\source\samples\ReaderCpp
File Copy: C:\Thesycon\USBIO_VL\V2.31\source\samples\ReaderCpp\ReaderCpp.cpp | 08-11-2005 | 08:11:44 | | 12062 | 3fd4fd28
File Copy: C:\Thesycon\USBIO_VL\V2.31\source\samples\ReaderCpp\MyReader.cpp | 01-29-2003 | 12:22:00 | | 2207 | 32cde6e3
File Copy: C:\Thesycon\USBIO_VL\V2.31\source\samples\ReaderCpp\MyReader.h | 01-16-2003 | 12:32:08 | | 1396 | 84b5b0f1
File Copy: C:\Thesycon\USBIO_VL\V2.31\source\samples\ReaderCpp\ReaderCpp.dsp | 11-30-2005 | 11:21:10 | | 3527 | 7f501d37
File Copy: C:\Thesycon\USBIO_VL\V2.31\source\samples\ReaderCpp\ReaderCPP.dsw | 01-15-2002 | 13:02:32 | | 838 | 62f40225
Made Dir: C:\Thesycon\USBIO_VL\V2.31\source\samples\WriterCpp
File Copy: C:\Thesycon\USBIO_VL\V2.31\source\samples\WriterCpp\MyWriter.cpp | 01-29-2003 | 12:44:38 | | 3475 | c82ad259
File Copy: C:\Thesycon\USBIO_VL\V2.31\source\samples\WriterCpp\MyWriter.h | 01-29-2003 | 12:46:00 | | 1716 | c240367a
File Copy: C:\Thesycon\USBIO_VL\V2.31\source\samples\WriterCpp\WriterCpp.cpp | 01-29-2003 | 10:14:28 | | 11957 | 4c8f5276
File Copy: C:\Thesycon\USBIO_VL\V2.31\source\samples\WriterCpp\WriterCpp.dsp | 11-30-2005 | 11:21:10 | | 3547 | 4fc88b39
File Copy: C:\Thesycon\USBIO_VL\V2.31\source\samples\WriterCpp\WriterCpp.dsw | 01-15-2002 | 14:38:54 | | 834 | 5799bdf8
Made Dir: C:\Thesycon\USBIO_VL\V2.31\source\Delphi
File Copy: C:\Thesycon\USBIO_VL\V2.31\source\Delphi\Readme.txt | 01-11-2003 | 09:40:00 | | 679 | 9fb36093
Made Dir: C:\Thesycon\USBIO_VL\V2.31\source\Delphi\test
File Copy: C:\Thesycon\USBIO_VL\V2.31\source\Delphi\test\P.cfg | 04-26-2000 | 16:18:14 | | 366 | a1675650
File Copy: C:\Thesycon\USBIO_VL\V2.31\source\Delphi\test\P.dof | 01-16-2002 | 08:55:08 | | 1035 | ef82b67
File Copy: C:\Thesycon\USBIO_VL\V2.31\source\Delphi\test\P.dpr | 09-03-2003 | 12:57:24 | | 5364 | c78ac52d
Made Dir: C:\Thesycon\USBIO_VL\V2.31\source\Delphi\units
File Copy: C:\Thesycon\USBIO_VL\V2.31\source\Delphi\units\usbio.pas | 09-06-2004 | 10:27:30 | | 32969 | 15dfc850
File Copy: C:\Thesycon\USBIO_VL\V2.31\source\Delphi\units\Usbio_i.pas | 08-26-2005 | 14:19:22 | | 19490 | ee906a86
File Copy: C:\Thesycon\USBIO_VL\V2.31\source\Delphi\units\usbio_i_delphi.pas | 02-11-2000 | 19:40:34 | | 4851 | ab97fde2
File Copy: C:\Thesycon\USBIO_VL\V2.31\source\Delphi\units\usbiobuf.pas | 02-11-2000 | 19:40:52 | | 5103 | e4a9fc8d
File Copy: C:\Thesycon\USBIO_VL\V2.31\source\Delphi\units\usbiopipe.pas | 03-05-2003 | 14:12:22 | | 10234 | e465603
File Copy: C:\Thesycon\USBIO_VL\V2.31\source\Delphi\units\Usbspec.pas | 09-03-2003 | 09:34:36 | | 8545 | fd06f793
Made Dir: C:\Thesycon\USBIO_VL\V2.31\bin
Made Dir: C:\Thesycon\USBIO_VL\V2.31\bin\debug
File Copy: C:\Thesycon\USBIO_VL\V2.31\bin\debug\USBIOJAVA.dll | 11-30-2005 | 11:21:52 | 2.31.0.0 | 208955 | 3b783aad
Made Dir: C:\Thesycon\USBIO_VL\V2.31\bin\release
File Copy: C:\Thesycon\USBIO_VL\V2.31\bin\release\USBIOJAVA.dll | 11-30-2005 | 11:22:00 | 2.31.0.0 | 110592 | abb3b7d0
File Copy: C:\Thesycon\USBIO_VL\V2.31\bin\release\UsbIoJavaApp.jar | 11-30-2005 | 11:21:40 | | 101410 | 2e14d92b
File Copy: C:\Thesycon\USBIO_VL\V2.31\bin\release\MouseSimple.jar | 11-30-2005 | 11:21:44 | | 3314 | f1c71f67
File Copy: C:\Thesycon\USBIO_VL\V2.31\bin\release\UsbIoJava.jar | 11-30-2005 | 11:21:38 | | 35353 | 6c3018c3
Made Dir: C:\Thesycon\USBIO_VL\V2.31\source\Java
Made Dir: C:\Thesycon\USBIO_VL\V2.31\source\Java\JNI_DLL
File Copy: C:\Thesycon\USBIO_VL\V2.31\source\Java\JNI_DLL\CDbgTrace.cpp | 09-07-2005 | 10:46:54 | | 3793 | 707655de
File Copy: C:\Thesycon\USBIO_VL\V2.31\source\Java\JNI_DLL\CGuidList.cpp | 08-29-2005 | 13:35:52 | | 2349 | 5b40c99
File Copy: C:\Thesycon\USBIO_VL\V2.31\source\Java\JNI_DLL\CThreadBase.cpp | 11-05-2003 | 15:31:36 | | 3503 | dc477161
File Copy: C:\Thesycon\USBIO_VL\V2.31\source\Java\JNI_DLL\CThreadPnPNotify.cpp | 08-29-2005 | 13:28:10 | | 8073 | 45d28642
File Copy: C:\Thesycon\USBIO_VL\V2.31\source\Java\JNI_DLL\Pipe.cpp | 08-29-2005 | 13:28:36 | | 680 | ed9c206a
File Copy: C:\Thesycon\USBIO_VL\V2.31\source\Java\JNI_DLL\RegAcc.cpp | 08-29-2005 | 13:31:08 | | 6430 | 4f23c959
File Copy: C:\Thesycon\USBIO_VL\V2.31\source\Java\JNI_DLL\StdAfx.cpp | 08-29-2005 | 13:31:50 | | 272 | 697f45ed
File Copy: C:\Thesycon\USBIO_VL\V2.31\source\Java\JNI_DLL\trace.cpp | 10-23-2003 | 07:52:40 | | 1507 | b51f9f3c
File Copy: C:\Thesycon\USBIO_VL\V2.31\source\Java\JNI_DLL\UsbIoBufEx.cpp | 08-29-2005 | 13:35:52 | | 732 | 75e28d96
File Copy: C:\Thesycon\USBIO_VL\V2.31\source\Java\JNI_DLL\UsbIoBufPoolVar.cpp | 08-29-2005 | 13:39:40 | | 2365 | 911f8440
File Copy: C:\Thesycon\USBIO_VL\V2.31\source\Java\JNI_DLL\USBIOJAVA.cpp | 11-21-2005 | 09:28:40 | | 69138 | ff3b5fba
File Copy: C:\Thesycon\USBIO_VL\V2.31\source\Java\JNI_DLL\CCritSect.h | 10-20-2003 | 07:30:50 | | 2014 | 8ee8bfb4
File Copy: C:\Thesycon\USBIO_VL\V2.31\source\Java\JNI_DLL\CDbgTrace.h | 10-23-2003 | 07:51:24 | | 2702 | fef0cae5
File Copy: C:\Thesycon\USBIO_VL\V2.31\source\Java\JNI_DLL\CDlList.h | 10-20-2003 | 07:30:50 | | 7209 | bda071b6
File Copy: C:\Thesycon\USBIO_VL\V2.31\source\Java\JNI_DLL\CGuidList.h | 09-07-2005 | 10:46:54 | | 1987 | 285943a8
File Copy: C:\Thesycon\USBIO_VL\V2.31\source\Java\JNI_DLL\CThreadBase.h | 10-20-2003 | 07:30:50 | | 3207 | e4eab520
File Copy: C:\Thesycon\USBIO_VL\V2.31\source\Java\JNI_DLL\CThreadPnPNotify.h | 09-07-2005 | 10:45:42 | | 2161 | 23e8e01d
File Copy: C:\Thesycon\USBIO_VL\V2.31\source\Java\JNI_DLL\Pipe.h | 09-07-2005 | 10:46:54 | | 853 | 659b58ab
File Copy: C:\Thesycon\USBIO_VL\V2.31\source\Java\JNI_DLL\RegAcc.h | 09-07-2005 | 10:46:54 | | 1372 | f399441b
File Copy: C:\Thesycon\USBIO_VL\V2.31\source\Java\JNI_DLL\resource.h | 01-09-2004 | 10:20:48 | | 413 | 7ca6e4c5
File Copy: C:\Thesycon\USBIO_VL\V2.31\source\Java\JNI_DLL\StdAfx.h | 08-30-2005 | 07:26:04 | | 986 | 46212c8c
File Copy: C:\Thesycon\USBIO_VL\V2.31\source\Java\JNI_DLL\trace.h | 10-23-2003 | 07:51:10 | | 2567 | 4e8eb956
File Copy: C:\Thesycon\USBIO_VL\V2.31\source\Java\JNI_DLL\trc.h | 10-23-2003 | 07:13:34 | | 997 | 7798f9f8
File Copy: C:\Thesycon\USBIO_VL\V2.31\source\Java\JNI_DLL\UsbIoBufEx.h | 08-29-2005 | 13:34:30 | | 1144 | d0805dca
File Copy: C:\Thesycon\USBIO_VL\V2.31\source\Java\JNI_DLL\UsbIoBufPoolVar.h | 08-30-2005 | 15:02:36 | | 1616 | 262d0516
File Copy: C:\Thesycon\USBIO_VL\V2.31\source\Java\JNI_DLL\USBIOJAVA.h | 11-30-2005 | 11:21:44 | | 14906 | 97f79ae5
File Copy: C:\Thesycon\USBIO_VL\V2.31\source\Java\JNI_DLL\VERSION.H | 01-09-2004 | 12:11:40 | | 1693 | 7ff7f503
Made Dir: C:\Thesycon\USBIO_VL\V2.31\source\Java\JNI_DLL\jni
File Copy: C:\Thesycon\USBIO_VL\V2.31\source\Java\JNI_DLL\jni\jawt.h | 12-16-2003 | 11:00:36 | | 8775 | a3d3a41a
File Copy: C:\Thesycon\USBIO_VL\V2.31\source\Java\JNI_DLL\jni\jni.h | 12-16-2003 | 11:00:36 | | 69972 | 8c136aff
File Copy: C:\Thesycon\USBIO_VL\V2.31\source\Java\JNI_DLL\jni\jvmdi.h | 12-16-2003 | 11:00:36 | | 40367 | ce9cbad1
File Copy: C:\Thesycon\USBIO_VL\V2.31\source\Java\JNI_DLL\jni\jvmpi.h | 12-16-2003 | 11:00:36 | | 22852 | 691ea96
Made Dir: C:\Thesycon\USBIO_VL\V2.31\source\Java\JNI_DLL\jni\win32
File Copy: C:\Thesycon\USBIO_VL\V2.31\source\Java\JNI_DLL\jni\win32\jawt_md.h | 12-16-2003 | 11:00:36 | | 897 | 2573275f
File Copy: C:\Thesycon\USBIO_VL\V2.31\source\Java\JNI_DLL\jni\win32\jni_md.h | 12-16-2003 | 11:00:36 | | 456 | 5e227235
File Copy: C:\Thesycon\USBIO_VL\V2.31\source\Java\JNI_DLL\USBIOJAVA.dsp | 11-30-2005 | 11:21:10 | | 6501 | 325d2db9
File Copy: C:\Thesycon\USBIO_VL\V2.31\source\Java\JNI_DLL\USBIOJAVA.dsw | 09-08-2005 | 12:38:26 | | 834 | a0d905d
File Copy: C:\Thesycon\USBIO_VL\V2.31\source\Java\JNI_DLL\USBIOJAVA.rc | 01-09-2004 | 11:25:02 | | 1471 | ca9995af
File Copy: C:\Thesycon\USBIO_VL\V2.31\source\Java\JNI_DLL\USBIOJAVA.rc2 | 09-19-2001 | 09:32:34 | | 443 | 8b504aec
File Copy: C:\Thesycon\USBIO_VL\V2.31\source\Java\JNI_DLL\ver.rc | 01-09-2004 | 11:23:06 | | 3474 | 5f0ae196
Made Dir: C:\Thesycon\USBIO_VL\V2.31\source\Java\LIBRARY
Made Dir: C:\Thesycon\USBIO_VL\V2.31\source\Java\LIBRARY\src
Made Dir: C:\Thesycon\USBIO_VL\V2.31\source\Java\LIBRARY\src\de
Made Dir: C:\Thesycon\USBIO_VL\V2.31\source\Java\LIBRARY\src\de\thesycon
Made Dir: C:\Thesycon\USBIO_VL\V2.31\source\Java\LIBRARY\src\de\thesycon\usbio
File Copy: C:\Thesycon\USBIO_VL\V2.31\source\Java\LIBRARY\src\de\thesycon\usbio\PnPNotify.java | 08-30-2005 | 06:53:24 | | 1277 | 10f46b03
File Copy: C:\Thesycon\USBIO_VL\V2.31\source\Java\LIBRARY\src\de\thesycon\usbio\PnPNotifyInterface.java | 08-29-2005 | 17:06:40 | | 272 | 91f16211
File Copy: C:\Thesycon\USBIO_VL\V2.31\source\Java\LIBRARY\src\de\thesycon\usbio\UsbIo.java | 11-23-2005 | 13:35:02 | | 45523 | 4f6412f4
File Copy: C:\Thesycon\USBIO_VL\V2.31\source\Java\LIBRARY\src\de\thesycon\usbio\UsbIoBuf.java | 11-23-2005 | 13:20:02 | | 2018 | 628c59e5
File Copy: C:\Thesycon\USBIO_VL\V2.31\source\Java\LIBRARY\src\de\thesycon\usbio\UsbIoBufPool.java | 11-23-2005 | 13:19:24 | | 3740 | 164d3470
File Copy: C:\Thesycon\USBIO_VL\V2.31\source\Java\LIBRARY\src\de\thesycon\usbio\UsbIoErrorCodes.java | 12-01-2003 | 09:23:44 | | 23268 | 976b82ac
File Copy: C:\Thesycon\USBIO_VL\V2.31\source\Java\LIBRARY\src\de\thesycon\usbio\UsbIoInterface.java | 01-09-2004 | 12:53:30 | | 1756 | 4e37a2f8
File Copy: C:\Thesycon\USBIO_VL\V2.31\source\Java\LIBRARY\src\de\thesycon\usbio\UsbIoPipe.java | 11-23-2005 | 13:35:50 | | 39796 | 936c19e7
File Copy: C:\Thesycon\USBIO_VL\V2.31\source\Java\LIBRARY\src\de\thesycon\usbio\UsbIoReader.java | 08-30-2005 | 07:08:08 | | 2399 | f373caf8
File Copy: C:\Thesycon\USBIO_VL\V2.31\source\Java\LIBRARY\src\de\thesycon\usbio\UsbIoThread.java | 11-23-2005 | 12:14:42 | | 4182 | d5bdc8a3
File Copy: C:\Thesycon\USBIO_VL\V2.31\source\Java\LIBRARY\src\de\thesycon\usbio\UsbIoWriter.java | 08-30-2005 | 07:08:28 | | 2320 | aac3162a
File Copy: C:\Thesycon\USBIO_VL\V2.31\source\Java\LIBRARY\src\de\thesycon\usbio\UsbSpec.java | 12-01-2003 | 16:18:38 | | 1016 | 9fb94afd
File Copy: C:\Thesycon\USBIO_VL\V2.31\source\Java\LIBRARY\src\de\thesycon\usbio\overview.html | 09-08-2005 | 12:46:22 | | 2882 | 816448b5
Made Dir: C:\Thesycon\USBIO_VL\V2.31\source\Java\LIBRARY\src\de\thesycon\usbio\structs
File Copy: C:\Thesycon\USBIO_VL\V2.31\source\Java\LIBRARY\src\de\thesycon\usbio\structs\HANDLE.java | 11-05-2003 | 13:11:26 | | 237 | d32ec6e1
File Copy: C:\Thesycon\USBIO_VL\V2.31\source\Java\LIBRARY\src\de\thesycon\usbio\structs\USBIO_BANDWIDTH_INFO.java | 01-09-2004 | 14:03:22 | | 2555 | f8076c33
File Copy: C:\Thesycon\USBIO_VL\V2.31\source\Java\LIBRARY\src\de\thesycon\usbio\structs\USBIO_BASE_STRUCT.java | 01-09-2004 | 13:04:08 | | 614 | 1007b8ef
File Copy: C:\Thesycon\USBIO_VL\V2.31\source\Java\LIBRARY\src\de\thesycon\usbio\structs\USBIO_CLASS_OR_VENDOR_REQUEST.java | 01-09-2004 | 14:03:34 | | 3556 | d3f8e6d0
File Copy: C:\Thesycon\USBIO_VL\V2.31\source\Java\LIBRARY\src\de\thesycon\usbio\structs\USBIO_CONFIGURATION_INFO.java | 01-09-2004 | 14:03:46 | | 4196 | b53ab812
File Copy: C:\Thesycon\USBIO_VL\V2.31\source\Java\LIBRARY\src\de\thesycon\usbio\structs\USBIO_DATA_BUFFER.java | 01-08-2004 | 16:54:28 | | 2282 | 8fbbcef6
File Copy: C:\Thesycon\USBIO_VL\V2.31\source\Java\LIBRARY\src\de\thesycon\usbio\structs\USBIO_DEVICE_INFO.java | 01-09-2004 | 14:04:02 | | 2675 | 39cf4dd3
File Copy: C:\Thesycon\USBIO_VL\V2.31\source\Java\LIBRARY\src\de\thesycon\usbio\structs\USBIO_DEVICE_PARAMETERS.java | 01-09-2004 | 14:04:12 | | 3156 | 300ae24
File Copy: C:\Thesycon\USBIO_VL\V2.31\source\Java\LIBRARY\src\de\thesycon\usbio\structs\USBIO_DRIVER_INFO.java | 01-09-2004 | 14:04:20 | | 4578 | 11333894
File Copy: C:\Thesycon\USBIO_VL\V2.31\source\Java\LIBRARY\src\de\thesycon\usbio\structs\USBIO_INTERFACE_CONFIGURATION_INFO.java | 01-09-2004 | 14:04:32 | | 2721 | a800c68
File Copy: C:\Thesycon\USBIO_VL\V2.31\source\Java\LIBRARY\src\de\thesycon\usbio\structs\USBIO_INTERFACE_SETTING.java | 01-09-2004 | 14:04:42 | | 2310 | 5b167c27
File Copy: C:\Thesycon\USBIO_VL\V2.31\source\Java\LIBRARY\src\de\thesycon\usbio\structs\USBIO_ISO_PACKET.java | 01-09-2004 | 14:04:54 | | 2270 | edd78f7
File Copy: C:\Thesycon\USBIO_VL\V2.31\source\Java\LIBRARY\src\de\thesycon\usbio\structs\USBIO_ISO_TRANSFER.java | 01-09-2004 | 14:05:04 | | 4398 | c235be1c
File Copy: C:\Thesycon\USBIO_VL\V2.31\source\Java\LIBRARY\src\de\thesycon\usbio\structs\USBIO_PIPE_CONFIGURATION_INFO.java | 01-09-2004 | 14:05:20 | | 4418 | c51dee0b
File Copy: C:\Thesycon\USBIO_VL\V2.31\source\Java\LIBRARY\src\de\thesycon\usbio\structs\USBIO_PIPE_CONTROL_TRANSFER.java | 01-09-2004 | 14:05:30 | | 2649 | 3623b510
File Copy: C:\Thesycon\USBIO_VL\V2.31\source\Java\LIBRARY\src\de\thesycon\usbio\structs\USBIO_PIPE_PARAMETERS.java | 01-09-2004 | 14:05:44 | | 1870 | 3310c72
File Copy: C:\Thesycon\USBIO_VL\V2.31\source\Java\LIBRARY\src\de\thesycon\usbio\structs\USBIO_PIPE_STATISTICS.java | 01-09-2004 | 14:05:54 | | 7704 | 369a3e58
File Copy: C:\Thesycon\USBIO_VL\V2.31\source\Java\LIBRARY\src\de\thesycon\usbio\structs\USBIO_QUERY_PIPE_STATISTICS.java | 01-09-2004 | 14:06:02 | | 2719 | 6ddf41d6
File Copy: C:\Thesycon\USBIO_VL\V2.31\source\Java\LIBRARY\src\de\thesycon\usbio\structs\USBIO_SETUP_PIPE_STATISTICS.java | 01-09-2004 | 14:06:22 | | 3126 | 43de4a37
File Copy: C:\Thesycon\USBIO_VL\V2.31\source\Java\LIBRARY\src\de\thesycon\usbio\structs\USBIO_SET_CONFIGURATION.java | 01-09-2004 | 14:06:14 | | 2842 | 28ae0594
File Copy: C:\Thesycon\USBIO_VL\V2.31\source\Java\LIBRARY\src\de\thesycon\usbio\structs\USB_COMMON_DESCRIPTOR.java | 01-09-2004 | 12:58:20 | | 440 | 58b0adce
File Copy: C:\Thesycon\USBIO_VL\V2.31\source\Java\LIBRARY\src\de\thesycon\usbio\structs\USB_CONFIGURATION_DESCRIPTOR.java | 01-09-2004 | 14:02:10 | | 1618 | 59486c22
File Copy: C:\Thesycon\USBIO_VL\V2.31\source\Java\LIBRARY\src\de\thesycon\usbio\structs\USB_DEVICE_DESCRIPTOR.java | 01-09-2004 | 14:02:22 | | 2464 | 19b64fe4
File Copy: C:\Thesycon\USBIO_VL\V2.31\source\Java\LIBRARY\src\de\thesycon\usbio\structs\USB_DEVICE_QUALIFIER_DESCRIPTOR.java | 01-09-2004 | 14:02:32 | | 1513 | 323b3a2c
File Copy: C:\Thesycon\USBIO_VL\V2.31\source\Java\LIBRARY\src\de\thesycon\usbio\structs\USB_ENDPOINT_DESCRIPTOR.java | 01-09-2004 | 14:02:42 | | 1390 | e52d2dbf
File Copy: C:\Thesycon\USBIO_VL\V2.31\source\Java\LIBRARY\src\de\thesycon\usbio\structs\USB_HID_DESCRIPTOR.java | 01-09-2004 | 14:02:52 | | 1056 | 310853df
File Copy: C:\Thesycon\USBIO_VL\V2.31\source\Java\LIBRARY\src\de\thesycon\usbio\structs\USB_INTERFACE_DESCRIPTOR.java | 01-09-2004 | 14:03:02 | | 1440 | 35dc2e0f
File Copy: C:\Thesycon\USBIO_VL\V2.31\source\Java\LIBRARY\src\de\thesycon\usbio\structs\USB_STRING_DESCRIPTOR.java | 01-09-2004 | 14:03:10 | | 1197 | de839c3c
File Copy: C:\Thesycon\USBIO_VL\V2.31\source\Java\build.cmd | 09-08-2005 | 08:06:50 | | 2545 | a17f8c5b
File Copy: C:\Thesycon\USBIO_VL\V2.31\source\Java\runapp.bat | 09-08-2005 | 11:04:04 | | 405 | 44c5db98
Made Dir: C:\Thesycon\USBIO_VL\V2.31\source\Java\DEMOS
Made Dir: C:\Thesycon\USBIO_VL\V2.31\source\Java\DEMOS\src
Made Dir: C:\Thesycon\USBIO_VL\V2.31\source\Java\DEMOS\src\de
Made Dir: C:\Thesycon\USBIO_VL\V2.31\source\Java\DEMOS\src\de\thesycon
Made Dir: C:\Thesycon\USBIO_VL\V2.31\source\Java\DEMOS\src\de\thesycon\usbiodemo
Made Dir: C:\Thesycon\USBIO_VL\V2.31\source\Java\DEMOS\src\de\thesycon\usbiodemo\mousesimple
File Copy: C:\Thesycon\USBIO_VL\V2.31\source\Java\DEMOS\src\de\thesycon\usbiodemo\mousesimple\MouseSimple.java | 09-08-2005 | 07:51:10 | | 5627 | 2c4e70e2
File Copy: C:\Thesycon\USBIO_VL\V2.31\source\Java\DEMOS\src\de\thesycon\usbiodemo\mousesimple\mainClass | 09-08-2005 | 08:01:26 | | 86 | cbf90ceb
Made Dir: C:\Thesycon\USBIO_VL\V2.31\source\Java\DEMOS\src\de\thesycon\usbiodemo\usbioapp
File Copy: C:\Thesycon\USBIO_VL\V2.31\source\Java\DEMOS\src\de\thesycon\usbiodemo\usbioapp\BufferPage.java | 08-30-2005 | 07:00:40 | | 4022 | 98da13bc
File Copy: C:\Thesycon\USBIO_VL\V2.31\source\Java\DEMOS\src\de\thesycon\usbiodemo\usbioapp\ClassOrVendorRequestPage.java | 08-30-2005 | 07:15:28 | | 8134 | d0747bcf
File Copy: C:\Thesycon\USBIO_VL\V2.31\source\Java\DEMOS\src\de\thesycon\usbiodemo\usbioapp\ConfigurationPage.java | 08-30-2005 | 07:15:28 | | 15192 | ffaceee0
File Copy: C:\Thesycon\USBIO_VL\V2.31\source\Java\DEMOS\src\de\thesycon\usbiodemo\usbioapp\DescriptorPage.java | 08-30-2005 | 07:15:30 | | 26547 | 1bf7a65e
File Copy: C:\Thesycon\USBIO_VL\V2.31\source\Java\DEMOS\src\de\thesycon\usbiodemo\usbioapp\DevicePage.java | 09-07-2005 | 14:32:26 | | 14927 | d1a9a5cc
File Copy: C:\Thesycon\USBIO_VL\V2.31\source\Java\DEMOS\src\de\thesycon\usbiodemo\usbioapp\FeaturePage.java | 08-30-2005 | 07:15:30 | | 4290 | 6fe863ec
File Copy: C:\Thesycon\USBIO_VL\V2.31\source\Java\DEMOS\src\de\thesycon\usbiodemo\usbioapp\InterfacePage.java | 08-30-2005 | 07:15:30 | | 5729 | 16132ac3
File Copy: C:\Thesycon\USBIO_VL\V2.31\source\Java\DEMOS\src\de\thesycon\usbiodemo\usbioapp\OtherPage.java | 08-30-2005 | 07:15:30 | | 8394 | 79349ef2
File Copy: C:\Thesycon\USBIO_VL\V2.31\source\Java\DEMOS\src\de\thesycon\usbiodemo\usbioapp\PanelPage.java | 08-29-2005 | 17:04:54 | | 1611 | 3594977f
File Copy: C:\Thesycon\USBIO_VL\V2.31\source\Java\DEMOS\src\de\thesycon\usbiodemo\usbioapp\PipeDialog.java | 08-30-2005 | 07:15:28 | | 6797 | b5140bd3
File Copy: C:\Thesycon\USBIO_VL\V2.31\source\Java\DEMOS\src\de\thesycon\usbiodemo\usbioapp\PipeDlgFromFile.java | 08-30-2005 | 07:16:46 | | 1611 | 195aa653
File Copy: C:\Thesycon\USBIO_VL\V2.31\source\Java\DEMOS\src\de\thesycon\usbiodemo\usbioapp\PipeDlgToFile.java | 08-30-2005 | 07:16:28 | | 1585 | c2dbf9e8
File Copy: C:\Thesycon\USBIO_VL\V2.31\source\Java\DEMOS\src\de\thesycon\usbiodemo\usbioapp\PipeDlgToWin.java | 08-30-2005 | 07:13:28 | | 1477 | 2b5e1936
File Copy: C:\Thesycon\USBIO_VL\V2.31\source\Java\DEMOS\src\de\thesycon\usbiodemo\usbioapp\PipePage.java | 08-30-2005 | 07:15:30 | | 4557 | 2089bcaf
File Copy: C:\Thesycon\USBIO_VL\V2.31\source\Java\DEMOS\src\de\thesycon\usbiodemo\usbioapp\PipesPage.java | 08-30-2005 | 07:15:30 | | 10349 | 6d805507
File Copy: C:\Thesycon\USBIO_VL\V2.31\source\Java\DEMOS\src\de\thesycon\usbiodemo\usbioapp\PipeStatisticsPanel.java | 08-29-2005 | 16:33:52 | | 2899 | 58fb48e7
File Copy: C:\Thesycon\USBIO_VL\V2.31\source\Java\DEMOS\src\de\thesycon\usbiodemo\usbioapp\ReadFromFilePage.java | 08-30-2005 | 07:13:12 | | 2787 | e05b31f3
File Copy: C:\Thesycon\USBIO_VL\V2.31\source\Java\DEMOS\src\de\thesycon\usbiodemo\usbioapp\ReadToFilePage.java | 08-30-2005 | 07:13:12 | | 2783 | 3310be4f
File Copy: C:\Thesycon\USBIO_VL\V2.31\source\Java\DEMOS\src\de\thesycon\usbiodemo\usbioapp\ReadToWinPage.java | 08-30-2005 | 07:13:12 | | 1629 | 12f12d50
File Copy: C:\Thesycon\USBIO_VL\V2.31\source\Java\DEMOS\src\de\thesycon\usbiodemo\usbioapp\UsbIoApp.java | 08-30-2005 | 07:15:40 | | 9887 | 6431c950
File Copy: C:\Thesycon\USBIO_VL\V2.31\source\Java\DEMOS\src\de\thesycon\usbiodemo\usbioapp\UsbIoDump.java | 08-30-2005 | 07:15:50 | | 4281 | 3c87edad
File Copy: C:\Thesycon\USBIO_VL\V2.31\source\Java\DEMOS\src\de\thesycon\usbiodemo\usbioapp\UsbIoRd.java | 08-30-2005 | 07:16:28 | | 4308 | af509c7d
File Copy: C:\Thesycon\USBIO_VL\V2.31\source\Java\DEMOS\src\de\thesycon\usbiodemo\usbioapp\UsbIoWr.java | 08-30-2005 | 07:16:46 | | 3151 | a630e9f6
File Copy: C:\Thesycon\USBIO_VL\V2.31\source\Java\DEMOS\src\de\thesycon\usbiodemo\usbioapp\mainClass | 09-07-2005 | 13:35:58 | | 80 | edb70d89
File Copy: C:\Thesycon\USBIO_VL\V2.31\doc\JavaReadMe.txt | 11-30-2005 | 11:21:10 | | 2144 | 3f514e2b
Made Dir: C:\Thesycon\USBIO_VL\V2.31\doc\Java
File Copy: C:\Thesycon\USBIO_VL\V2.31\doc\Java\\allclasses-frame.html | 11-30-2005 | 11:22:02 | | 6656 | 752b58
File Copy: C:\Thesycon\USBIO_VL\V2.31\doc\Java\\allclasses-noframe.html | 11-30-2005 | 11:22:02 | | 5856 | 2427b040
File Copy: C:\Thesycon\USBIO_VL\V2.31\doc\Java\\constant-values.html | 11-30-2005 | 11:22:02 | | 79373 | 5030c825
File Copy: C:\Thesycon\USBIO_VL\V2.31\doc\Java\\deprecated-list.html | 11-30-2005 | 11:22:02 | | 4836 | 6e93ef68
File Copy: C:\Thesycon\USBIO_VL\V2.31\doc\Java\\help-doc.html | 11-30-2005 | 11:22:02 | | 8355 | 9a8e823f
File Copy: C:\Thesycon\USBIO_VL\V2.31\doc\Java\\index-all.html | 11-30-2005 | 11:22:02 | | 173057 | 38d53be7
File Copy: C:\Thesycon\USBIO_VL\V2.31\doc\Java\\index.html | 11-30-2005 | 11:22:02 | | 917 | c9e9c2de
File Copy: C:\Thesycon\USBIO_VL\V2.31\doc\Java\\overview-frame.html | 11-30-2005 | 11:22:02 | | 1160 | 2afe2953
File Copy: C:\Thesycon\USBIO_VL\V2.31\doc\Java\\overview-summary.html | 11-30-2005 | 11:22:02 | | 8393 | a468c594
File Copy: C:\Thesycon\USBIO_VL\V2.31\doc\Java\\overview-tree.html | 11-30-2005 | 11:22:02 | | 13030 | 65f8c34f
File Copy: C:\Thesycon\USBIO_VL\V2.31\doc\Java\\package-list | 11-30-2005 | 11:22:02 | | 46 | 2e5f6633
File Copy: C:\Thesycon\USBIO_VL\V2.31\doc\Java\\packages.html | 11-30-2005 | 11:22:02 | | 889 | 9db434be
File Copy: C:\Thesycon\USBIO_VL\V2.31\doc\Java\\serialized-form.html | 11-30-2005 | 11:22:02 | | 4882 | a937cd06
File Copy: C:\Thesycon\USBIO_VL\V2.31\doc\Java\\stylesheet.css | 11-30-2005 | 11:22:02 | | 1231 | c6b2a90
Made Dir: C:\Thesycon\USBIO_VL\V2.31\doc\Java\\de
Made Dir: C:\Thesycon\USBIO_VL\V2.31\doc\Java\\de\thesycon
Made Dir: C:\Thesycon\USBIO_VL\V2.31\doc\Java\\de\thesycon\usbio
File Copy: C:\Thesycon\USBIO_VL\V2.31\doc\Java\\de\thesycon\usbio\package-frame.html | 11-30-2005 | 11:22:02 | | 2322 | 12b7c753
File Copy: C:\Thesycon\USBIO_VL\V2.31\doc\Java\\de\thesycon\usbio\package-summary.html | 11-30-2005 | 11:22:02 | | 8827 | bd4702ec
File Copy: C:\Thesycon\USBIO_VL\V2.31\doc\Java\\de\thesycon\usbio\package-tree.html | 11-30-2005 | 11:22:02 | | 8141 | cc16a8bf
File Copy: C:\Thesycon\USBIO_VL\V2.31\doc\Java\\de\thesycon\usbio\PnPNotify.html | 11-30-2005 | 11:22:02 | | 24922 | 41359f6b
File Copy: C:\Thesycon\USBIO_VL\V2.31\doc\Java\\de\thesycon\usbio\PnPNotifyInterface.html | 11-30-2005 | 11:22:02 | | 8539 | 6286952e
File Copy: C:\Thesycon\USBIO_VL\V2.31\doc\Java\\de\thesycon\usbio\UsbIo.html | 11-30-2005 | 11:22:02 | | 103481 | 44cebf52
File Copy: C:\Thesycon\USBIO_VL\V2.31\doc\Java\\de\thesycon\usbio\UsbIoBuf.html | 11-30-2005 | 11:22:02 | | 14677 | a26cb0b7
File Copy: C:\Thesycon\USBIO_VL\V2.31\doc\Java\\de\thesycon\usbio\UsbIoBufPool.html | 11-30-2005 | 11:22:02 | | 15504 | f7478778
File Copy: C:\Thesycon\USBIO_VL\V2.31\doc\Java\\de\thesycon\usbio\UsbIoErrorCodes.html | 11-30-2005 | 11:22:02 | | 91875 | 725ab0fa
File Copy: C:\Thesycon\USBIO_VL\V2.31\doc\Java\\de\thesycon\usbio\UsbIoInterface.html | 11-30-2005 | 11:22:02 | | 24665 | 4baf530f
File Copy: C:\Thesycon\USBIO_VL\V2.31\doc\Java\\de\thesycon\usbio\UsbIoPipe.html | 11-30-2005 | 11:22:02 | | 88303 | 3777b0e2
File Copy: C:\Thesycon\USBIO_VL\V2.31\doc\Java\\de\thesycon\usbio\UsbIoReader.html | 11-30-2005 | 11:22:02 | | 38414 | 176dc6c4
File Copy: C:\Thesycon\USBIO_VL\V2.31\doc\Java\\de\thesycon\usbio\UsbIoThread.html | 11-30-2005 | 11:22:02 | | 46720 | 95befd1d
File Copy: C:\Thesycon\USBIO_VL\V2.31\doc\Java\\de\thesycon\usbio\UsbIoWriter.html | 11-30-2005 | 11:22:02 | | 38219 | 80d63e0f
File Copy: C:\Thesycon\USBIO_VL\V2.31\doc\Java\\de\thesycon\usbio\UsbSpec.html | 11-30-2005 | 11:22:02 | | 15284 | 9d257f54
Made Dir: C:\Thesycon\USBIO_VL\V2.31\doc\Java\\de\thesycon\usbio\structs
File Copy: C:\Thesycon\USBIO_VL\V2.31\doc\Java\\de\thesycon\usbio\structs\HANDLE.html | 11-30-2005 | 11:22:02 | | 9869 | dddf3a88
File Copy: C:\Thesycon\USBIO_VL\V2.31\doc\Java\\de\thesycon\usbio\structs\package-frame.html | 11-30-2005 | 11:22:02 | | 4663 | 77d35ad6
File Copy: C:\Thesycon\USBIO_VL\V2.31\doc\Java\\de\thesycon\usbio\structs\package-summary.html | 11-30-2005 | 11:22:02 | | 14459 | 1fdfe0fd
File Copy: C:\Thesycon\USBIO_VL\V2.31\doc\Java\\de\thesycon\usbio\structs\package-tree.html | 11-30-2005 | 11:22:02 | | 11219 | 63c66601
File Copy: C:\Thesycon\USBIO_VL\V2.31\doc\Java\\de\thesycon\usbio\structs\USBIO_BANDWIDTH_INFO.html | 11-30-2005 | 11:22:02 | | 17508 | 4965bc6b
File Copy: C:\Thesycon\USBIO_VL\V2.31\doc\Java\\de\thesycon\usbio\structs\USBIO_BASE_STRUCT.html | 11-30-2005 | 11:22:02 | | 15105 | 81f51358
File Copy: C:\Thesycon\USBIO_VL\V2.31\doc\Java\\de\thesycon\usbio\structs\USBIO_CLASS_OR_VENDOR_REQUEST.html | 11-30-2005 | 11:22:02 | | 20038 | fe01442b
File Copy: C:\Thesycon\USBIO_VL\V2.31\doc\Java\\de\thesycon\usbio\structs\USBIO_CONFIGURATION_INFO.html | 11-30-2005 | 11:22:02 | | 20356 | 2927ab2e
File Copy: C:\Thesycon\USBIO_VL\V2.31\doc\Java\\de\thesycon\usbio\structs\USBIO_DATA_BUFFER.html | 11-30-2005 | 11:22:02 | | 17638 | 7ba0e032
File Copy: C:\Thesycon\USBIO_VL\V2.31\doc\Java\\de\thesycon\usbio\structs\USBIO_DEVICE_INFO.html | 11-30-2005 | 11:22:02 | | 17501 | a0a9a713
File Copy: C:\Thesycon\USBIO_VL\V2.31\doc\Java\\de\thesycon\usbio\structs\USBIO_DEVICE_PARAMETERS.html | 11-30-2005 | 11:22:02 | | 17751 | 6045f91b
File Copy: C:\Thesycon\USBIO_VL\V2.31\doc\Java\\de\thesycon\usbio\structs\USBIO_DRIVER_INFO.html | 11-30-2005 | 11:22:02 | | 19431 | b0149b51
File Copy: C:\Thesycon\USBIO_VL\V2.31\doc\Java\\de\thesycon\usbio\structs\USBIO_INTERFACE_CONFIGURATION_INFO.html | 11-30-2005 | 11:22:02 | | 20815 | 1937ddf1
File Copy: C:\Thesycon\USBIO_VL\V2.31\doc\Java\\de\thesycon\usbio\structs\USBIO_INTERFACE_SETTING.html | 11-30-2005 | 11:22:02 | | 17517 | 65dea355
File Copy: C:\Thesycon\USBIO_VL\V2.31\doc\Java\\de\thesycon\usbio\structs\USBIO_ISO_PACKET.html | 11-30-2005 | 11:22:02 | | 17079 | caf8733
File Copy: C:\Thesycon\USBIO_VL\V2.31\doc\Java\\de\thesycon\usbio\structs\USBIO_ISO_TRANSFER.html | 11-30-2005 | 11:22:02 | | 19348 | d905b9f6
File Copy: C:\Thesycon\USBIO_VL\V2.31\doc\Java\\de\thesycon\usbio\structs\USBIO_PIPE_CONFIGURATION_INFO.html | 11-30-2005 | 11:22:02 | | 21893 | 7a7b947d
File Copy: C:\Thesycon\USBIO_VL\V2.31\doc\Java\\de\thesycon\usbio\structs\USBIO_PIPE_CONTROL_TRANSFER.html | 11-30-2005 | 11:22:02 | | 16958 | cde1157b
File Copy: C:\Thesycon\USBIO_VL\V2.31\doc\Java\\de\thesycon\usbio\structs\USBIO_PIPE_PARAMETERS.html | 11-30-2005 | 11:22:02 | | 16274 | e9ee6111
File Copy: C:\Thesycon\USBIO_VL\V2.31\doc\Java\\de\thesycon\usbio\structs\USBIO_PIPE_STATISTICS.html | 11-30-2005 | 11:22:02 | | 22855 | 312659d8
File Copy: C:\Thesycon\USBIO_VL\V2.31\doc\Java\\de\thesycon\usbio\structs\USBIO_QUERY_PIPE_STATISTICS.html | 11-30-2005 | 11:22:02 | | 17212 | dde4231
File Copy: C:\Thesycon\USBIO_VL\V2.31\doc\Java\\de\thesycon\usbio\structs\USBIO_SETUP_PIPE_STATISTICS.html | 11-30-2005 | 11:22:02 | | 17705 | 681b634c
File Copy: C:\Thesycon\USBIO_VL\V2.31\doc\Java\\de\thesycon\usbio\structs\USBIO_SET_CONFIGURATION.html | 11-30-2005 | 11:22:02 | | 18625 | 544c5b3a
File Copy: C:\Thesycon\USBIO_VL\V2.31\doc\Java\\de\thesycon\usbio\structs\USB_COMMON_DESCRIPTOR.html | 11-30-2005 | 11:22:02 | | 13215 | c3c16433
File Copy: C:\Thesycon\USBIO_VL\V2.31\doc\Java\\de\thesycon\usbio\structs\USB_CONFIGURATION_DESCRIPTOR.html | 11-30-2005 | 11:22:02 | | 17230 | ddf2626f
File Copy: C:\Thesycon\USBIO_VL\V2.31\doc\Java\\de\thesycon\usbio\structs\USB_DEVICE_DESCRIPTOR.html | 11-30-2005 | 11:22:02 | | 20779 | 1dfde3ee
File Copy: C:\Thesycon\USBIO_VL\V2.31\doc\Java\\de\thesycon\usbio\structs\USB_DEVICE_QUALIFIER_DESCRIPTOR.html | 11-30-2005 | 11:22:02 | | 17616 | 3fc89ecc
File Copy: C:\Thesycon\USBIO_VL\V2.31\doc\Java\\de\thesycon\usbio\structs\USB_ENDPOINT_DESCRIPTOR.html | 11-30-2005 | 11:22:02 | | 15929 | 183852d6
File Copy: C:\Thesycon\USBIO_VL\V2.31\doc\Java\\de\thesycon\usbio\structs\USB_HID_DESCRIPTOR.html | 11-30-2005 | 11:22:02 | | 15798 | efbeb7ef
File Copy: C:\Thesycon\USBIO_VL\V2.31\doc\Java\\de\thesycon\usbio\structs\USB_INTERFACE_DESCRIPTOR.html | 11-30-2005 | 11:22:02 | | 17518 | 6f02e40f
File Copy: C:\Thesycon\USBIO_VL\V2.31\doc\Java\\de\thesycon\usbio\structs\USB_STRING_DESCRIPTOR.html | 11-30-2005 | 11:22:02 | | 15109 | 4e1d10af
Made Dir: C:\Thesycon\USBIO_VL\V2.31\doc\Java\\resources
File Copy: C:\Thesycon\USBIO_VL\V2.31\doc\Java\\resources\inherit.gif | 09-08-2005 | 10:44:10 | | 57 | 83fc4d1b
Made Dir: C:\Thesycon\USBIO_VL\V2.31\COMobj
File Copy: C:\Thesycon\USBIO_VL\V2.31\COMobj\usbiocom.dll | 11-30-2005 | 11:20:20 | | 139264 | 4a31fdb
Made Dir: C:\Thesycon\USBIO_VL\V2.31\COMobj\debug
File Copy: C:\Thesycon\USBIO_VL\V2.31\COMobj\debug\usbiocom.dll | 11-30-2005 | 11:20:16 | | 274490 | 8d5f20d
Made Dir: C:\Thesycon\USBIO_VL\V2.31\COMobj\inc
File Copy: C:\Thesycon\USBIO_VL\V2.31\COMobj\inc\usbiocom.idl | 07-29-2005 | 09:45:06 | | 151255 | 9083825d
Made Dir: C:\Thesycon\USBIO_VL\V2.31\COMobj\samples
Made Dir: C:\Thesycon\USBIO_VL\V2.31\COMobj\samples\DelphiDemo
File Copy: C:\Thesycon\USBIO_VL\V2.31\COMobj\samples\DelphiDemo\Th_USB.ico | 09-18-2001 | 15:14:34 | | 1078 | 402c992f
File Copy: C:\Thesycon\USBIO_VL\V2.31\COMobj\samples\DelphiDemo\DelphiApp.cfg | 10-09-2002 | 13:51:14 | | 366 | 75a47863
File Copy: C:\Thesycon\USBIO_VL\V2.31\COMobj\samples\DelphiDemo\DelphiApp.dof | 02-06-2002 | 17:02:56 | | 1193 | e27701f7
File Copy: C:\Thesycon\USBIO_VL\V2.31\COMobj\samples\DelphiDemo\DelphiApp.dpr | 03-05-2003 | 15:23:44 | | 389 | 5e50f0e1
File Copy: C:\Thesycon\USBIO_VL\V2.31\COMobj\samples\DelphiDemo\DelphiApp.res | 02-06-2002 | 17:02:46 | | 2056 | 406b7f17
File Copy: C:\Thesycon\USBIO_VL\V2.31\COMobj\samples\DelphiDemo\USBIO.pas | 08-03-2005 | 15:48:26 | | 38006 | 3d1aa3cd
File Copy: C:\Thesycon\USBIO_VL\V2.31\COMobj\samples\DelphiDemo\USBIO.dfm | 08-03-2005 | 15:48:14 | | 37139 | df9b31fb
File Copy: C:\Thesycon\USBIO_VL\V2.31\COMobj\samples\DelphiDemo\USBIOoutput.pas | 08-02-2001 | 07:30:40 | | 528 | 5961c99a
File Copy: C:\Thesycon\USBIO_VL\V2.31\COMobj\samples\DelphiDemo\USBIOoutput.dfm | 09-07-2001 | 08:32:36 | | 683 | 1d2f12fd
File Copy: C:\Thesycon\USBIO_VL\V2.31\COMobj\samples\DelphiDemo\USBIOCOMLib_TLB.pas | 08-03-2005 | 15:41:12 | | 59289 | b5f90c31
Made Dir: C:\Thesycon\USBIO_VL\V2.31\COMobj\samples\DelphiSimple
File Copy: C:\Thesycon\USBIO_VL\V2.31\COMobj\samples\DelphiSimple\Th_USB.ico | 09-18-2001 | 15:14:34 | | 1078 | 402c992f
File Copy: C:\Thesycon\USBIO_VL\V2.31\COMobj\samples\DelphiSimple\simprj.cfg | 08-03-2005 | 15:42:50 | | 366 | fc61a330
File Copy: C:\Thesycon\USBIO_VL\V2.31\COMobj\samples\DelphiSimple\simprj.dof | 03-22-2002 | 15:18:36 | | 1107 | acd44571
File Copy: C:\Thesycon\USBIO_VL\V2.31\COMobj\samples\DelphiSimple\simprj.dpr | 10-09-2002 | 13:41:52 | | 278 | 8d343e4d
File Copy: C:\Thesycon\USBIO_VL\V2.31\COMobj\samples\DelphiSimple\simprj.res | 03-22-2002 | 15:18:20 | | 1884 | db4c2423
File Copy: C:\Thesycon\USBIO_VL\V2.31\COMobj\samples\DelphiSimple\simple.pas | 08-03-2005 | 15:41:48 | | 5723 | b76641b9
File Copy: C:\Thesycon\USBIO_VL\V2.31\COMobj\samples\DelphiSimple\simple.dfm | 03-22-2002 | 15:13:08 | | 1617 | 1dfe6aee
File Copy: C:\Thesycon\USBIO_VL\V2.31\COMobj\samples\DelphiSimple\USBIOCOMLib_TLB.pas | 08-03-2005 | 15:41:12 | | 59289 | b5f90c31
Made Dir: C:\Thesycon\USBIO_VL\V2.31\COMobj\samples\VisualBasicDemo
File Copy: C:\Thesycon\USBIO_VL\V2.31\COMobj\samples\VisualBasicDemo\usbiooutput.frm | 08-11-2003 | 12:24:24 | | 1213 | 6183e307
File Copy: C:\Thesycon\USBIO_VL\V2.31\COMobj\samples\VisualBasicDemo\usbiooutput.frx | 08-11-2003 | 12:24:24 | | 1090 | d12f9d6b
File Copy: C:\Thesycon\USBIO_VL\V2.31\COMobj\samples\VisualBasicDemo\usbio.frm | 11-28-2005 | 09:00:24 | | 94735 | 7be14893
File Copy: C:\Thesycon\USBIO_VL\V2.31\COMobj\samples\VisualBasicDemo\usbio.frx | 08-11-2003 | 12:24:24 | | 1090 | d12f9d6b
File Copy: C:\Thesycon\USBIO_VL\V2.31\COMobj\samples\VisualBasicDemo\usbio.vbp | 08-03-2005 | 15:32:28 | | 1321 | f60f6e67
File Copy: C:\Thesycon\USBIO_VL\V2.31\COMobj\samples\VisualBasicDemo\usbio.vbw | 08-03-2005 | 15:32:28 | | 109 | d1030329
Made Dir: C:\Thesycon\USBIO_VL\V2.31\COMobj\samples\VisualBasicSimple
File Copy: C:\Thesycon\USBIO_VL\V2.31\COMobj\samples\VisualBasicSimple\vbsimple.frm | 08-30-2005 | 10:13:16 | | 6909 | c270829
File Copy: C:\Thesycon\USBIO_VL\V2.31\COMobj\samples\VisualBasicSimple\vbsimple.frx | 08-11-2003 | 12:25:18 | | 1090 | d12f9d6b
File Copy: C:\Thesycon\USBIO_VL\V2.31\COMobj\samples\VisualBasicSimple\vbsimple.vbp | 08-03-2005 | 13:35:20 | | 892 | cedacb78
File Copy: C:\Thesycon\USBIO_VL\V2.31\COMobj\samples\VisualBasicSimple\vbsimple.vbw | 06-21-2004 | 15:24:18 | | 52 | 3634ff06
Made Dir: C:\Thesycon\USBIO_VL\V2.31\COMobj\samples\CSharpMouseSample
File Copy: C:\Thesycon\USBIO_VL\V2.31\COMobj\samples\CSharpMouseSample\CSharpMouseSample.sln | 08-24-2004 | 10:11:28 | | 937 | 4be4b2ee
Made Dir: C:\Thesycon\USBIO_VL\V2.31\COMobj\samples\CSharpMouseSample\CSharpMouseSample
File Copy: C:\Thesycon\USBIO_VL\V2.31\COMobj\samples\CSharpMouseSample\CSharpMouseSample\App.ico | 09-18-2001 | 15:14:36 | | 1078 | 402c992f
File Copy: C:\Thesycon\USBIO_VL\V2.31\COMobj\samples\CSharpMouseSample\CSharpMouseSample\AssemblyInfo.cs | 08-24-2004 | 08:11:46 | | 2426 | 5da85543
File Copy: C:\Thesycon\USBIO_VL\V2.31\COMobj\samples\CSharpMouseSample\CSharpMouseSample\CSharpMouseSample.cs | 08-03-2005 | 13:32:32 | | 3681 | a7434492
File Copy: C:\Thesycon\USBIO_VL\V2.31\COMobj\samples\CSharpMouseSample\CSharpMouseSample\CSharpMouseSample.csproj | 08-03-2005 | 13:32:24 | | 4323 | f20b96b4
Made Dir: C:\Thesycon\USBIO_VL\V2.31\usbio
File Copy: C:\Thesycon\USBIO_VL\V2.31\usbio\usbiov.sys | 11-30-2005 | 11:19:32 | 2.31.0.1127 | 30720 | fa3af327
File Copy: C:\Thesycon\USBIO_VL\V2.31\usbio\usbiov_x64.sys | 11-30-2005 | 11:19:38 | 2.31.0.1127 | 50176 | 727d07f4
File Copy: C:\Thesycon\USBIO_VL\V2.31\usbio\usbiov98.sys | 11-30-2005 | 11:19:42 | 2.31.0.1127 | 30720 | 46f7030f
File Copy: C:\Thesycon\USBIO_VL\V2.31\usbio\usbiov.inf | 12-06-2005 | 09:44:54 | | 11651 | 26ed2091
File Copy: C:\Thesycon\USBIO_VL\V2.31\usbio\usbiov_x64.inf | 12-06-2005 | 09:44:54 | | 11728 | d2c36594
File Copy: C:\Thesycon\USBIO_VL\V2.31\usbio\usbiov98.inf | 12-06-2005 | 09:44:54 | | 11000 | ff92e2d
File Copy: C:\WINNT\system32\drivers\usbiov.sys | 11-30-2005 | 11:19:32 | 2.31.0.1127 | 30720 | fa3af327
File Copy: C:\WINNT\system32\drivers\usbiov_x64.sys | 11-30-2005 | 11:19:38 | 2.31.0.1127 | 50176 | 727d07f4
File Copy: C:\WINNT\system32\drivers\usbiov98.sys | 11-30-2005 | 11:19:42 | 2.31.0.1127 | 30720 | 46f7030f
File Copy: C:\WINNT\inf\usbiov.inf | 12-06-2005 | 09:44:54 | | 11651 | 26ed2091
File Copy: C:\WINNT\inf\usbiov_x64.inf | 12-06-2005 | 09:44:54 | | 11728 | d2c36594
File Copy: C:\WINNT\inf\usbiov98.inf | 12-06-2005 | 09:44:54 | | 11000 | ff92e2d
Made Dir: C:\Thesycon\USBIO_VL\V2.31\apps
File Copy: C:\Thesycon\USBIO_VL\V2.31\apps\USBIOAPP.exe | 11-30-2005 | 11:20:06 | 2.31.0.0 | 266240 | ad1462
Made Dir: C:\Thesycon\USBIO_VL\V2.31\wizard
File Copy: C:\Thesycon\USBIO_VL\V2.31\wizard\USBIOcw.exe | 11-30-2005 | 11:20:32 | 2.31.0.0 | 38912 | 968cbbaa
File Copy: C:\Thesycon\USBIO_VL\V2.31\wizard\USBIOcw_x64.exe | 11-30-2005 | 11:20:40 | 2.31.0.0 | 61952 | e609ccdc
File Copy: C:\Thesycon\USBIO_VL\V2.31\_uninst\vl\USBIOcw.exe | 11-30-2005 | 11:20:32 | 2.31.0.0 | 38912 | 968cbbaa
File Copy: C:\Thesycon\USBIO_VL\V2.31\_uninst\vl\USBIOcw_x64.exe | 11-30-2005 | 11:20:40 | 2.31.0.0 | 61952 | e609ccdc
Made Dir: C:\Documents and Settings\dannebau\Start Menu\Programs\Thesycon
Made Dir: C:\Documents and Settings\dannebau\Start Menu\Programs\Thesycon\USBIO Development Kit V2.31 (VL)
Made Dir: C:\Documents and Settings\dannebau\Start Menu\Programs\Thesycon\USBIO Development Kit V2.31 (VL)\License
Shell Link: C:\Documents and Settings\dannebau\Start Menu\Programs\Thesycon\USBIO Development Kit V2.31 (VL)\License\Lizenzvertrag (Deutsch).lnk
Link Info: C:\Thesycon\USBIO_VL\V2.31\doc\Lizenz.txt |  |  | 0 | 1 | 0 | 
Shell Link: C:\Documents and Settings\dannebau\Start Menu\Programs\Thesycon\USBIO Development Kit V2.31 (VL)\License\License Agreement (English).lnk
Link Info: C:\Thesycon\USBIO_VL\V2.31\doc\License.txt |  |  | 0 | 1 | 0 | 
Made Dir: C:\Documents and Settings\dannebau\Start Menu\Programs\Thesycon\USBIO Development Kit V2.31 (VL)\Documentation
Shell Link: C:\Documents and Settings\dannebau\Start Menu\Programs\Thesycon\USBIO Development Kit V2.31 (VL)\Documentation\Read Me.lnk
Link Info: C:\Thesycon\USBIO_VL\V2.31\doc\ReadMe.txt |  |  | 0 | 1 | 0 | 
Made Dir: C:\Documents and Settings\dannebau\Start Menu\Programs\Thesycon\USBIO Development Kit V2.31 (VL)\Source Code Samples - C
Shell Link: C:\Documents and Settings\dannebau\Start Menu\Programs\Thesycon\USBIO Development Kit V2.31 (VL)\Source Code Samples - C\ReadPipe - Visual C++ Workspace.lnk
Link Info: C:\Thesycon\USBIO_VL\V2.31\source\samples\ReadPipe\ReadPipe.dsw | C:\Thesycon\USBIO_VL\V2.31\source |  | 0 | 1 | 0 | 
Made Dir: C:\Documents and Settings\dannebau\Start Menu\Programs\Thesycon\USBIO Development Kit V2.31 (VL)\Source Code Samples - C++
Shell Link: C:\Documents and Settings\dannebau\Start Menu\Programs\Thesycon\USBIO Development Kit V2.31 (VL)\Source Code Samples - C++\PnPDemo - Visual C++ Workspace.lnk
Link Info: C:\Thesycon\USBIO_VL\V2.31\source\samples\PnPDemo\PnPDemo.dsw | C:\Thesycon\USBIO_VL\V2.31\source |  | 0 | 1 | 0 | 
Shell Link: C:\Documents and Settings\dannebau\Start Menu\Programs\Thesycon\USBIO Development Kit V2.31 (VL)\Source Code Samples - C++\ReaderCpp - Visual C++ Workspace.lnk
Link Info: C:\Thesycon\USBIO_VL\V2.31\source\samples\ReaderCpp\ReaderCPP.dsw | C:\Thesycon\USBIO_VL\V2.31\source |  | 0 | 1 | 0 | 
Shell Link: C:\Documents and Settings\dannebau\Start Menu\Programs\Thesycon\USBIO Development Kit V2.31 (VL)\Source Code Samples - C++\WriterCpp - Visual C++ Workspace.lnk
Link Info: C:\Thesycon\USBIO_VL\V2.31\source\samples\WriterCpp\WriterCpp.dsw |  |  | 0 | 1 | 0 | 
Shell Link: C:\Documents and Settings\dannebau\Start Menu\Programs\Thesycon\USBIO Development Kit V2.31 (VL)\Source Code Samples - C++\USBIO Demo Application - Visual C++ Workspace.lnk
Link Info: C:\Thesycon\USBIO_VL\V2.31\source\USBIOAPP.dsw |  |  | 0 | 1 | 0 | 
Made Dir: C:\Documents and Settings\dannebau\Start Menu\Programs\Thesycon\USBIO Development Kit V2.31 (VL)\Source Code Samples - Visual Basic
Shell Link: C:\Documents and Settings\dannebau\Start Menu\Programs\Thesycon\USBIO Development Kit V2.31 (VL)\Source Code Samples - Visual Basic\Visual Basic Demo - Workspace.lnk
Link Info: C:\Thesycon\USBIO_VL\V2.31\COMobj\samples\VisualBasicDemo\usbio.vbp |  |  | 0 | 1 | 0 | 
Shell Link: C:\Documents and Settings\dannebau\Start Menu\Programs\Thesycon\USBIO Development Kit V2.31 (VL)\Source Code Samples - Visual Basic\Visual Basic Simple - Workspace.lnk
Link Info: C:\Thesycon\USBIO_VL\V2.31\COMobj\samples\VisualBasicSimple\vbsimple.vbp |  |  | 0 | 1 | 0 | 
Made Dir: C:\Documents and Settings\dannebau\Start Menu\Programs\Thesycon\USBIO Development Kit V2.31 (VL)\Source Code Samples - Delphi
Shell Link: C:\Documents and Settings\dannebau\Start Menu\Programs\Thesycon\USBIO Development Kit V2.31 (VL)\Source Code Samples - Delphi\Delphi Test - Workspace.lnk
Link Info: C:\Thesycon\USBIO_VL\V2.31\source\Delphi\test\P.dpr | C:\Thesycon\USBIO_VL\V2.31\source |  | 0 | 1 | 0 | 
Shell Link: C:\Documents and Settings\dannebau\Start Menu\Programs\Thesycon\USBIO Development Kit V2.31 (VL)\Source Code Samples - Delphi\Delphi Demo - Workspace.lnk
Link Info: C:\Thesycon\USBIO_VL\V2.31\COMobj\samples\DelphiDemo\DelphiApp.dpr |  |  | 0 | 1 | 0 | 
Shell Link: C:\Documents and Settings\dannebau\Start Menu\Programs\Thesycon\USBIO Development Kit V2.31 (VL)\Source Code Samples - Delphi\Delphi Simple - Workspace.lnk
Link Info: C:\Thesycon\USBIO_VL\V2.31\COMobj\samples\DelphiSimple\simprj.dpr |  |  | 0 | 1 | 0 | 
Made Dir: C:\Documents and Settings\dannebau\Start Menu\Programs\Thesycon\USBIO Development Kit V2.31 (VL)\Source Code Samples - C#
Shell Link: C:\Documents and Settings\dannebau\Start Menu\Programs\Thesycon\USBIO Development Kit V2.31 (VL)\Source Code Samples - C#\C# Mouse Sample - Visual Studio Solution.lnk
Link Info: C:\Thesycon\USBIO_VL\V2.31\COMobj\samples\CSharpMouseSample\CSharpMouseSample.sln |  |  | 0 | 1 | 0 | 
Shell Link: C:\Documents and Settings\dannebau\Start Menu\Programs\Thesycon\USBIO Development Kit V2.31 (VL)\USBIO Demo Application.lnk
Link Info: C:\Thesycon\USBIO_VL\V2.31\apps\USBIOAPP.exe |  |  | 0 | 1 | 0 | 
Shell Link: C:\Documents and Settings\dannebau\Start Menu\Programs\Thesycon\USBIO Development Kit V2.31 (VL)\Documentation\USBIO Reference Manual.lnk
Link Info: C:\Thesycon\USBIO_VL\V2.31\doc\usbioman.pdf |  |  | 0 | 1 | 0 | 
Shell Link: C:\Documents and Settings\dannebau\Start Menu\Programs\Thesycon\USBIO Development Kit V2.31 (VL)\Documentation\USBIO COM Reference Manual.lnk
Link Info: C:\Thesycon\USBIO_VL\V2.31\doc\usbiocom.pdf |  |  | 0 | 1 | 0 | 
Shell Link: C:\Documents and Settings\dannebau\Start Menu\Programs\Thesycon\USBIO Development Kit V2.31 (VL)\Documentation\Revision History.lnk
Link Info: C:\Thesycon\USBIO_VL\V2.31\doc\History.txt |  |  | 0 | 1 | 0 | 
Shell Link: C:\Documents and Settings\dannebau\Start Menu\Programs\Thesycon\USBIO Development Kit V2.31 (VL)\Documentation\Known Problems.lnk
Link Info: C:\Thesycon\USBIO_VL\V2.31\doc\Problems.txt |  |  | 0 | 1 | 0 | 
Made Dir: C:\Documents and Settings\dannebau\Start Menu\Programs\Thesycon\USBIO Development Kit V2.31 (VL)\Java API
Shell Link: C:\Documents and Settings\dannebau\Start Menu\Programs\Thesycon\USBIO Development Kit V2.31 (VL)\Java API\USBIOJAVA DLL - Visual C++ Workspace.lnk
Link Info: C:\Thesycon\USBIO_VL\V2.31\source\Java\JNI_DLL\USBIOJAVA.dsw |  |  | 0 | 1 | 0 | 
Shell Link: C:\Documents and Settings\dannebau\Start Menu\Programs\Thesycon\USBIO Development Kit V2.31 (VL)\Java API\Java API Documentation.lnk
Link Info: C:\Thesycon\USBIO_VL\V2.31\doc\Java\index.html |  |  | 0 | 1 | 0 | 
Shell Link: C:\Documents and Settings\dannebau\Start Menu\Programs\Thesycon\USBIO Development Kit V2.31 (VL)\Java API\Read Me.lnk
Link Info: C:\Thesycon\USBIO_VL\V2.31\doc\JavaReadMe.txt |  |  | 0 | 1 | 0 | 
Shell Link: C:\Documents and Settings\dannebau\Start Menu\Programs\Thesycon\USBIO Development Kit V2.31 (VL)\Java API\USBIO Java Demo Application.lnk
Link Info: C:\Thesycon\USBIO_VL\V2.31\bin\release\UsbIoJavaApp.jar |  |  | 0 | 1 | 0 | 
Made Dir: C:\Documents and Settings\dannebau\Start Menu\Programs\Thesycon\USBIO Development Kit V2.31 (VL)\Delphi Units
Shell Link: C:\Documents and Settings\dannebau\Start Menu\Programs\Thesycon\USBIO Development Kit V2.31 (VL)\Delphi Units\Browse the Delphi Directory.lnk
Link Info: C:\Thesycon\USBIO_VL\V2.31\source\Delphi |  |  | 0 | 1 | 0 | 
Shell Link: C:\Documents and Settings\dannebau\Start Menu\Programs\Thesycon\USBIO Development Kit V2.31 (VL)\Delphi Units\Read Me.lnk
Link Info: C:\Thesycon\USBIO_VL\V2.31\source\Delphi\Readme.txt |  |  | 0 | 1 | 0 | 
Made Dir: C:\Documents and Settings\dannebau\Start Menu\Programs\Thesycon\USBIO Development Kit V2.31 (VL)\INF Files
Shell Link: C:\Documents and Settings\dannebau\Start Menu\Programs\Thesycon\USBIO Development Kit V2.31 (VL)\INF Files\usbiov.inf.lnk
Link Info: C:\WINNT\system32\notepad.exe |  |  | 0 | 1 | 0 | "C:\Thesycon\USBIO_VL\V2.31\usbio\usbiov.inf"
Shell Link: C:\Documents and Settings\dannebau\Start Menu\Programs\Thesycon\USBIO Development Kit V2.31 (VL)\INF Files\usbiov_x64.inf.lnk
Link Info: C:\WINNT\system32\notepad.exe |  |  | 0 | 1 | 0 | "C:\Thesycon\USBIO_VL\V2.31\usbio\usbiov_x64.inf"
Shell Link: C:\Documents and Settings\dannebau\Start Menu\Programs\Thesycon\USBIO Development Kit V2.31 (VL)\INF Files\usbiov98.inf.lnk
Link Info: C:\WINNT\system32\notepad.exe |  |  | 0 | 1 | 0 | "C:\Thesycon\USBIO_VL\V2.31\usbio\usbiov98.inf"
Shell Link: C:\Documents and Settings\dannebau\Start Menu\Programs\Thesycon\USBIO Development Kit V2.31 (VL)\USBIO Cleanup Wizard.lnk
Link Info: C:\Thesycon\USBIO_VL\V2.31\wizard\USBIOcw.exe |  |  | 0 | 1 | 0 | 
Self-Register: C:\Thesycon\USBIO_VL\V2.31\COMobj\usbiocom.dll
Delete in-use files: On
Execute Program: C:\Thesycon\USBIO_VL\V2.31\_uninst\vl\uninst.exe SLEEP
RegDB Key: Software\Microsoft\Windows\CurrentVersion\Uninstall\USBIO Development Kit V2.31 (VL)
RegDB Val: 2.31
RegDB Name: DisplayVersion
RegDB Root: 2
RegDB Key: Software\Microsoft\Windows\CurrentVersion\Uninstall\USBIO Development Kit V2.31 (VL)
RegDB Val: +49 3677 84620
RegDB Name: HelpTelephone
RegDB Root: 2
RegDB Key: Software\Microsoft\Windows\CurrentVersion\Uninstall\USBIO Development Kit V2.31 (VL)
RegDB Val: Thesycon GmbH, Germany
RegDB Name: Publisher
RegDB Root: 2
RegDB Key: Software\Microsoft\Windows\CurrentVersion\Uninstall\USBIO Development Kit V2.31 (VL)
RegDB Val: www.thesycon.de
RegDB Name: URLInfoAbout
RegDB Root: 2
RegDB Key: Software\Microsoft\Windows\CurrentVersion\Uninstall\USBIO Development Kit V2.31 (VL)
RegDB Val: USBIO@thesycon.de
RegDB Name: Contact
RegDB Root: 2
RegDB Key: Software\Microsoft\Windows\CurrentVersion\Uninstall\USBIO Development Kit V2.31 (VL)
RegDB Val: C:\Thesycon\USBIO_VL\V2.31\_uninst\vl\usbioins.ico,-0
RegDB Name: DisplayIcon
RegDB Root: 2
User Rights: Admin
