GdiOpen(): 
returns DI_OK
GdiVersion(): 
returns DI_OK
GdiGetFeatures(): 
returns DI_OK
GdiAddCallback(): 
returns DI_OK
GdiAddCallback(): 
returns DI_OK
GdiAddCallback(): 
returns DI_OK
GdiGetFeatures(): 
returns DI_OK
GdiInitRegisterMap(): 
returns DI_OK
GdiGetFeatures(): 
returns DI_OK
GdiGetFeatures(): 
returns DI_OK
GdiInitIO(): 
returns DI_ERR_FATAL
ErrorGetMessage(): 
returns DI_OK
GdiGetFeatures(): 
returns DI_ERR_STATE
ErrorGetMessage(): 
returns DI_OK
GdiClose(): 
returns DI_OK
